This file contains any messages produced by compilers while
running configure, to aid debugging if configure makes a mistake.

It was created by configure, which was
generated by GNU Autoconf 2.71.  Invocation command line was

  $ ./configure --enable-codeguard

## --------- ##
## Platform. ##
## --------- ##

hostname = giovannedev.local
uname -m = arm64
uname -r = 22.6.0
uname -s = Darwin
uname -v = Darwin Kernel Version 22.6.0: Wed Jul  5 22:22:52 PDT 2023; root:xnu-8796.141.3~6/RELEASE_ARM64_T8103

/usr/bin/uname -p = arm
/bin/uname -X     = unknown

/bin/arch              = unknown
/usr/bin/arch -k       = unknown
/usr/convex/getsysinfo = unknown
/usr/bin/hostinfo      = Mach kernel version:
	 Darwin Kernel Version 22.6.0: Wed Jul  5 22:22:52 PDT 2023; root:xnu-8796.141.3~6/RELEASE_ARM64_T8103
Kernel configured for up to 8 processors.
8 processors are physically available.
8 processors are logically available.
Processor type: arm64e (ARM64E)
Processors active: 0 1 2 3 4 5 6 7
Primary memory available: 16.00 gigabytes
Default processor set: 506 tasks, 3960 threads, 8 processors
Load average: 5.42, Mach factor: 4.76
/bin/machine           = unknown
/usr/bin/oslevel       = unknown
/bin/universe          = unknown

PATH: /Users/giovanne/Library/Python/3.9/bin/
PATH: /opt/homebrew/opt/openssl@1.1/bin/
PATH: /opt/homebrew/bin/
PATH: /opt/homebrew/sbin/
PATH: /usr/local/bin/
PATH: /System/Cryptexes/App/usr/bin/
PATH: /usr/bin/
PATH: /bin/
PATH: /usr/sbin/
PATH: /sbin/
PATH: /usr/local/MacGPG2/bin/
PATH: /Library/Apple/usr/bin/
PATH: /var/run/com.apple.security.cryptexd/codex.system/bootstrap/usr/local/bin/
PATH: /var/run/com.apple.security.cryptexd/codex.system/bootstrap/usr/bin/
PATH: /var/run/com.apple.security.cryptexd/codex.system/bootstrap/usr/appleinternal/bin/
PATH: /Users/giovanne/Library/Python/3.9/bin/
PATH: /opt/homebrew/opt/openssl@1.1/bin/
PATH: /opt/homebrew/bin/
PATH: /opt/homebrew/sbin/


## ----------- ##
## Core tests. ##
## ----------- ##

configure:2536: looking for aux files: config.guess config.sub
configure:2549:  trying ./build/
configure:2578:   ./build/config.guess found
configure:2578:   ./build/config.sub found
configure:2695: checking for grep that handles long lines and -e
configure:2759: result: /usr/bin/grep
configure:2764: checking for egrep
configure:2832: result: /usr/bin/grep -E
configure:2837: checking for a sed that does not truncate output
configure:2907: result: /usr/bin/sed
configure:3051: checking for pkg-config
configure:3074: found /opt/homebrew/bin/pkg-config
configure:3086: result: /opt/homebrew/bin/pkg-config
configure:3111: checking pkg-config is at least version 0.9.0
configure:3114: result: yes
configure:3253: checking for C compiler version
configure:3262: gcc --version >&5
Apple clang version 14.0.3 (clang-1403.0.22.14.1)
Target: arm64-apple-darwin22.6.0
Thread model: posix
InstalledDir: /Library/Developer/CommandLineTools/usr/bin
configure:3273: $? = 0
configure:3262: gcc -v >&5
Apple clang version 14.0.3 (clang-1403.0.22.14.1)
Target: arm64-apple-darwin22.6.0
Thread model: posix
InstalledDir: /Library/Developer/CommandLineTools/usr/bin
configure:3273: $? = 0
configure:3262: gcc -V >&5
clang: error: argument to '-V' is missing (expected 1 value)
clang: error: no input files
configure:3273: $? = 1
configure:3262: gcc -qversion >&5
clang: error: unknown argument '-qversion'; did you mean '--version'?
clang: error: no input files
configure:3273: $? = 1
configure:3262: gcc -version >&5
clang: error: unknown argument '-version'; did you mean '--version'?
clang: error: no input files
configure:3273: $? = 1
configure:3293: checking whether the C compiler works
configure:3315: gcc -O2 -fvisibility=hidden -Wparentheses -flto -DZEPHIR_RELEASE=1 -I/opt/homebrew/opt/openssl@1.1/include -L/opt/homebrew/opt/openssl@1.1/lib conftest.c  >&5
configure:3319: $? = 0
configure:3369: result: yes
configure:3372: checking for C compiler default output file name
configure:3374: result: a.out
configure:3380: checking for suffix of executables
configure:3387: gcc -o conftest -O2 -fvisibility=hidden -Wparentheses -flto -DZEPHIR_RELEASE=1 -I/opt/homebrew/opt/openssl@1.1/include -L/opt/homebrew/opt/openssl@1.1/lib conftest.c  >&5
configure:3391: $? = 0
configure:3414: result: 
configure:3436: checking whether we are cross compiling
configure:3444: gcc -o conftest -O2 -fvisibility=hidden -Wparentheses -flto -DZEPHIR_RELEASE=1 -I/opt/homebrew/opt/openssl@1.1/include -L/opt/homebrew/opt/openssl@1.1/lib conftest.c  >&5
configure:3448: $? = 0
configure:3455: ./conftest
configure:3459: $? = 0
configure:3474: result: no
configure:3479: checking for suffix of object files
configure:3502: gcc -c -O2 -fvisibility=hidden -Wparentheses -flto -DZEPHIR_RELEASE=1 -I/opt/homebrew/opt/openssl@1.1/include conftest.c >&5
configure:3506: $? = 0
configure:3528: result: o
configure:3532: checking whether the compiler supports GNU C
configure:3552: gcc -c -O2 -fvisibility=hidden -Wparentheses -flto -DZEPHIR_RELEASE=1 -I/opt/homebrew/opt/openssl@1.1/include conftest.c >&5
configure:3552: $? = 0
configure:3562: result: yes
configure:3573: checking whether gcc accepts -g
configure:3594: gcc -c -g -I/opt/homebrew/opt/openssl@1.1/include conftest.c >&5
configure:3594: $? = 0
configure:3638: result: yes
configure:3658: checking for gcc option to enable C11 features
configure:3673: gcc  -c -O2 -fvisibility=hidden -Wparentheses -flto -DZEPHIR_RELEASE=1 -I/opt/homebrew/opt/openssl@1.1/include conftest.c >&5
conftest.c:23:14: warning: a function declaration without a prototype is deprecated in all versions of C and is not supported in C2x [-Wdeprecated-non-prototype]
static char *e (p, i)
             ^
1 warning generated.
configure:3673: $? = 0
configure:3691: result: none needed
configure:3807: checking how to run the C preprocessor
configure:3833: gcc -E -I/opt/homebrew/opt/openssl@1.1/include conftest.c
configure:3833: $? = 0
configure:3848: gcc -E -I/opt/homebrew/opt/openssl@1.1/include conftest.c
conftest.c:9:10: fatal error: 'ac_nonexistent.h' file not found
#include <ac_nonexistent.h>
         ^~~~~~~~~~~~~~~~~~
1 error generated.
configure:3848: $? = 1
configure: failed program was:
| /* confdefs.h */
| #define PACKAGE_NAME ""
| #define PACKAGE_TARNAME ""
| #define PACKAGE_VERSION ""
| #define PACKAGE_STRING ""
| #define PACKAGE_BUGREPORT ""
| #define PACKAGE_URL ""
| /* end confdefs.h.  */
| #include <ac_nonexistent.h>
configure:3875: result: gcc -E
configure:3889: gcc -E -I/opt/homebrew/opt/openssl@1.1/include conftest.c
configure:3889: $? = 0
configure:3904: gcc -E -I/opt/homebrew/opt/openssl@1.1/include conftest.c
conftest.c:9:10: fatal error: 'ac_nonexistent.h' file not found
#include <ac_nonexistent.h>
         ^~~~~~~~~~~~~~~~~~
1 error generated.
configure:3904: $? = 1
configure: failed program was:
| /* confdefs.h */
| #define PACKAGE_NAME ""
| #define PACKAGE_TARNAME ""
| #define PACKAGE_VERSION ""
| #define PACKAGE_STRING ""
| #define PACKAGE_BUGREPORT ""
| #define PACKAGE_URL ""
| /* end confdefs.h.  */
| #include <ac_nonexistent.h>
configure:3937: checking for icc
configure:3947: result: no
configure:3961: checking for suncc
configure:3971: result: no
configure:3989: checking for system library directory
configure:4005: result: lib
configure:4012: checking if compiler supports -Wl,-rpath,
configure:4032: gcc -o conftest -O2 -fvisibility=hidden -Wparentheses -flto -DZEPHIR_RELEASE=1 -I/opt/homebrew/opt/openssl@1.1/include -L/opt/homebrew/opt/openssl@1.1/lib conftest.c -Wl,-rpath,/usr/lib  >&5
configure:4032: $? = 0
configure:4043: result: yes
configure:4098: checking build system type
configure:4113: result: aarch64-apple-darwin22.6.0
configure:4133: checking host system type
configure:4147: result: aarch64-apple-darwin22.6.0
configure:4167: checking target system type
configure:4181: result: aarch64-apple-darwin22.6.0
configure:4285: checking for PHP prefix
configure:4287: result: /opt/homebrew/Cellar/php/8.2.8
configure:4289: checking for PHP includes
configure:4291: result: -I/opt/homebrew/Cellar/php/8.2.8/include/php -I/opt/homebrew/Cellar/php/8.2.8/include/php/main -I/opt/homebrew/Cellar/php/8.2.8/include/php/TSRM -I/opt/homebrew/Cellar/php/8.2.8/include/php/Zend -I/opt/homebrew/Cellar/php/8.2.8/include/php/ext -I/opt/homebrew/Cellar/php/8.2.8/include/php/ext/date/lib
configure:4293: checking for PHP extension directory
configure:4295: result: /opt/homebrew/Cellar/php/8.2.8/pecl/20220829
configure:4297: checking for PHP installed headers prefix
configure:4299: result: /opt/homebrew/Cellar/php/8.2.8/include/php
configure:4302: checking if debug is enabled
configure:4329: result: no
configure:4332: checking if zts is enabled
configure:4359: result: no
configure:4427: checking for gawk
configure:4463: result: no
configure:4427: checking for nawk
configure:4463: result: no
configure:4427: checking for awk
configure:4449: found /usr/bin/awk
configure:4460: result: awk
configure:4483: checking if awk is broken
configure:4490: result: no
configure:4503: checking whether to enable codeguard
configure:4543: result: yes, shared
configure:4933: checking for gcc options needed to detect all undeclared functions
configure:4955: gcc -c -O2 -fvisibility=hidden -Wparentheses -flto -DZEPHIR_RELEASE=1  -I/opt/homebrew/opt/openssl@1.1/include -I/opt/homebrew/Cellar/php/8.2.8/include/php -I/opt/homebrew/Cellar/php/8.2.8/include/php/main -I/opt/homebrew/Cellar/php/8.2.8/include/php/TSRM -I/opt/homebrew/Cellar/php/8.2.8/include/php/Zend -I/opt/homebrew/Cellar/php/8.2.8/include/php/ext -I/opt/homebrew/Cellar/php/8.2.8/include/php/ext/date/lib conftest.c >&5
conftest.c:15:8: error: call to undeclared library function 'strchr' with type 'char *(const char *, int)'; ISO C99 and later do not support implicit function declarations [-Wimplicit-function-declaration]
(void) strchr;
       ^
conftest.c:15:8: note: include the header <string.h> or explicitly provide a declaration for 'strchr'
1 error generated.
configure:4955: $? = 1
configure: failed program was:
| /* confdefs.h */
| #define PACKAGE_NAME ""
| #define PACKAGE_TARNAME ""
| #define PACKAGE_VERSION ""
| #define PACKAGE_STRING ""
| #define PACKAGE_BUGREPORT ""
| #define PACKAGE_URL ""
| #define HAVE_CODEGUARD 1
| #define COMPILE_DL_CODEGUARD 1
| /* end confdefs.h.  */
| 
| int
| main (void)
| {
| (void) strchr;
|   ;
|   return 0;
| }
configure:4982: gcc -c -O2 -fvisibility=hidden -Wparentheses -flto -DZEPHIR_RELEASE=1  -I/opt/homebrew/opt/openssl@1.1/include -I/opt/homebrew/Cellar/php/8.2.8/include/php -I/opt/homebrew/Cellar/php/8.2.8/include/php/main -I/opt/homebrew/Cellar/php/8.2.8/include/php/TSRM -I/opt/homebrew/Cellar/php/8.2.8/include/php/Zend -I/opt/homebrew/Cellar/php/8.2.8/include/php/ext -I/opt/homebrew/Cellar/php/8.2.8/include/php/ext/date/lib conftest.c >&5
configure:4982: $? = 0
configure:4999: result: none needed
configure:5013: checking whether HAVE_BUNDLED_PCRE is declared
configure:5013: gcc -c -O2 -fvisibility=hidden -Wparentheses -flto -DZEPHIR_RELEASE=1  -I/opt/homebrew/opt/openssl@1.1/include -I/opt/homebrew/Cellar/php/8.2.8/include/php -I/opt/homebrew/Cellar/php/8.2.8/include/php/main -I/opt/homebrew/Cellar/php/8.2.8/include/php/TSRM -I/opt/homebrew/Cellar/php/8.2.8/include/php/Zend -I/opt/homebrew/Cellar/php/8.2.8/include/php/ext -I/opt/homebrew/Cellar/php/8.2.8/include/php/ext/date/lib conftest.c >&5
conftest.c:21:10: error: use of undeclared identifier 'HAVE_BUNDLED_PCRE'
  (void) HAVE_BUNDLED_PCRE;
         ^
1 error generated.
configure:5013: $? = 1
configure: failed program was:
| /* confdefs.h */
| #define PACKAGE_NAME ""
| #define PACKAGE_TARNAME ""
| #define PACKAGE_VERSION ""
| #define PACKAGE_STRING ""
| #define PACKAGE_BUGREPORT ""
| #define PACKAGE_URL ""
| #define HAVE_CODEGUARD 1
| #define COMPILE_DL_CODEGUARD 1
| /* end confdefs.h.  */
| #include "php_config.h"
| 
| 
| int
| main (void)
| {
| #ifndef HAVE_BUNDLED_PCRE
| #ifdef __cplusplus
|   (void) HAVE_BUNDLED_PCRE;
| #else
|   (void) HAVE_BUNDLED_PCRE;
| #endif
| #endif
| 
|   ;
|   return 0;
| }
configure:5013: result: no
configure:5057: checking whether HAVE_JSON is declared
configure:5057: gcc -c -O2 -fvisibility=hidden -Wparentheses -flto -DZEPHIR_RELEASE=1  -I/opt/homebrew/opt/openssl@1.1/include -I/opt/homebrew/Cellar/php/8.2.8/include/php -I/opt/homebrew/Cellar/php/8.2.8/include/php/main -I/opt/homebrew/Cellar/php/8.2.8/include/php/TSRM -I/opt/homebrew/Cellar/php/8.2.8/include/php/Zend -I/opt/homebrew/Cellar/php/8.2.8/include/php/ext -I/opt/homebrew/Cellar/php/8.2.8/include/php/ext/date/lib conftest.c >&5
configure:5057: $? = 0
configure:5057: result: yes
configure:5065: checking for ext/json/php_json.h
configure:5065: gcc -c -O2 -fvisibility=hidden -Wparentheses -flto -DZEPHIR_RELEASE=1 -I/opt/homebrew/opt/openssl@1.1/include -I/opt/homebrew/Cellar/php/8.2.8/include/php -I/opt/homebrew/Cellar/php/8.2.8/include/php/main -I/opt/homebrew/Cellar/php/8.2.8/include/php/TSRM -I/opt/homebrew/Cellar/php/8.2.8/include/php/Zend -I/opt/homebrew/Cellar/php/8.2.8/include/php/ext -I/opt/homebrew/Cellar/php/8.2.8/include/php/ext/date/lib conftest.c >&5
configure:5065: $? = 0
configure:5065: result: yes
configure:5211: checking for a sed that does not truncate output
configure:5266: result: /usr/bin/sed
configure:5281: checking for ld used by gcc
configure:5349: result: /Library/Developer/CommandLineTools/usr/bin/ld
configure:5356: checking if the linker (/Library/Developer/CommandLineTools/usr/bin/ld) is GNU ld
configure:5372: result: no
configure:5377: checking for /Library/Developer/CommandLineTools/usr/bin/ld option to reload object files
configure:5385: result: -r
configure:5403: checking for BSD-compatible nm
configure:5453: result: /usr/bin/nm -B
configure:5457: checking whether ln -s works
configure:5461: result: yes
configure:5468: checking how to recognize dependent libraries
configure:5655: result: pass_all
configure:5879: checking for stdio.h
configure:5879: gcc -c -O2 -fvisibility=hidden -Wparentheses -flto -DZEPHIR_RELEASE=1 -I/opt/homebrew/opt/openssl@1.1/include conftest.c >&5
configure:5879: $? = 0
configure:5879: result: yes
configure:5879: checking for stdlib.h
configure:5879: gcc -c -O2 -fvisibility=hidden -Wparentheses -flto -DZEPHIR_RELEASE=1 -I/opt/homebrew/opt/openssl@1.1/include conftest.c >&5
configure:5879: $? = 0
configure:5879: result: yes
configure:5879: checking for string.h
configure:5879: gcc -c -O2 -fvisibility=hidden -Wparentheses -flto -DZEPHIR_RELEASE=1 -I/opt/homebrew/opt/openssl@1.1/include conftest.c >&5
configure:5879: $? = 0
configure:5879: result: yes
configure:5879: checking for inttypes.h
configure:5879: gcc -c -O2 -fvisibility=hidden -Wparentheses -flto -DZEPHIR_RELEASE=1 -I/opt/homebrew/opt/openssl@1.1/include conftest.c >&5
configure:5879: $? = 0
configure:5879: result: yes
configure:5879: checking for stdint.h
configure:5879: gcc -c -O2 -fvisibility=hidden -Wparentheses -flto -DZEPHIR_RELEASE=1 -I/opt/homebrew/opt/openssl@1.1/include conftest.c >&5
configure:5879: $? = 0
configure:5879: result: yes
configure:5879: checking for strings.h
configure:5879: gcc -c -O2 -fvisibility=hidden -Wparentheses -flto -DZEPHIR_RELEASE=1 -I/opt/homebrew/opt/openssl@1.1/include conftest.c >&5
configure:5879: $? = 0
configure:5879: result: yes
configure:5879: checking for sys/stat.h
configure:5879: gcc -c -O2 -fvisibility=hidden -Wparentheses -flto -DZEPHIR_RELEASE=1 -I/opt/homebrew/opt/openssl@1.1/include conftest.c >&5
configure:5879: $? = 0
configure:5879: result: yes
configure:5879: checking for sys/types.h
configure:5879: gcc -c -O2 -fvisibility=hidden -Wparentheses -flto -DZEPHIR_RELEASE=1 -I/opt/homebrew/opt/openssl@1.1/include conftest.c >&5
configure:5879: $? = 0
configure:5879: result: yes
configure:5879: checking for unistd.h
configure:5879: gcc -c -O2 -fvisibility=hidden -Wparentheses -flto -DZEPHIR_RELEASE=1 -I/opt/homebrew/opt/openssl@1.1/include conftest.c >&5
configure:5879: $? = 0
configure:5879: result: yes
configure:5904: checking for dlfcn.h
configure:5904: gcc -c -O2 -fvisibility=hidden -Wparentheses -flto -DZEPHIR_RELEASE=1 -I/opt/homebrew/opt/openssl@1.1/include conftest.c >&5
configure:5904: $? = 0
configure:5904: result: yes
configure:5923: checking the maximum length of command line arguments
configure:6036: result: 786432
configure:6048: checking command to parse /usr/bin/nm -B output from gcc object
configure:6154: gcc -c -O2 -fvisibility=hidden -Wparentheses -flto -DZEPHIR_RELEASE=1 -I/opt/homebrew/opt/openssl@1.1/include conftest.c >&5
configure:6157: $? = 0
configure:6161: /usr/bin/nm -B conftest.o \| sed -n -e 's/^.*[ 	]\([ABCDGIRSTW][ABCDGIRSTW]*\)[ 	][ 	]*\([_A-Za-z][_A-Za-z0-9]*\)$/\1 \2 \2/p' \> conftest.nm
configure:6164: $? = 0
cannot find nm_test_var in conftest.nm
configure:6154: gcc -c -O2 -fvisibility=hidden -Wparentheses -flto -DZEPHIR_RELEASE=1 -I/opt/homebrew/opt/openssl@1.1/include conftest.c >&5
configure:6157: $? = 0
configure:6161: /usr/bin/nm -B conftest.o \| sed -n -e 's/^.*[ 	]\([ABCDGIRSTW][ABCDGIRSTW]*\)[ 	][ 	]*_\([_A-Za-z][_A-Za-z0-9]*\)$/\1 _\2 \2/p' \> conftest.nm
configure:6164: $? = 0
configure:6216: gcc -o conftest -O2 -fvisibility=hidden -Wparentheses -flto -DZEPHIR_RELEASE=1 -I/opt/homebrew/opt/openssl@1.1/include -L/opt/homebrew/opt/openssl@1.1/lib conftest.c conftstm.o >&5
configure:6219: $? = 0
configure:6257: result: ok
configure:6261: checking for objdir
configure:6277: result: .libs
configure:6374: checking for ar
configure:6395: found /usr/bin/ar
configure:6406: result: ar
configure:6476: checking for ranlib
configure:6497: found /usr/bin/ranlib
configure:6508: result: ranlib
configure:6578: checking for strip
configure:6599: found /usr/bin/strip
configure:6610: result: strip
configure:6870: checking for dsymutil
configure:6891: found /usr/bin/dsymutil
configure:6902: result: dsymutil
configure:6972: checking for nmedit
configure:6993: found /usr/bin/nmedit
configure:7004: result: nmedit
configure:7027: checking for -single_module linker flag
configure:7049: result: yes
configure:7051: checking for -exported_symbols_list linker flag
configure:7068: gcc -o conftest -O2 -fvisibility=hidden -Wparentheses -flto -DZEPHIR_RELEASE=1 -I/opt/homebrew/opt/openssl@1.1/include -L/opt/homebrew/opt/openssl@1.1/lib -Wl,-exported_symbols_list,conftest.sym conftest.c  >&5
ld: warning: cannot export hidden symbol _main from /var/folders/tn/yvtbcvpj2pdg9qw82jx7kdxr0000gp/T/conftest-2c3934.o
configure:7071: $? = 0
configure:7085: result: yes
configure:7205: checking if gcc supports -fno-rtti -fno-exceptions
configure:7224: gcc -c -O2 -fvisibility=hidden -Wparentheses -flto -DZEPHIR_RELEASE=1 -I/opt/homebrew/opt/openssl@1.1/include -fno-rtti -fno-exceptions conftest.c >&5
configure:7228: $? = 0
configure:7241: result: yes
configure:7256: checking for gcc option to produce PIC
configure:7496: result: -fno-common
configure:7504: checking if gcc PIC flag -fno-common works
configure:7523: gcc -c -O2 -fvisibility=hidden -Wparentheses -flto -DZEPHIR_RELEASE=1 -I/opt/homebrew/opt/openssl@1.1/include -fno-common -DPIC conftest.c >&5
configure:7527: $? = 0
configure:7540: result: yes
configure:7568: checking if gcc static flag -static works
configure:7597: result: no
configure:7607: checking if gcc supports -c -o file.o
configure:7629: gcc -c -O2 -fvisibility=hidden -Wparentheses -flto -DZEPHIR_RELEASE=1 -I/opt/homebrew/opt/openssl@1.1/include -o out/conftest2.o conftest.c >&5
configure:7633: $? = 0
configure:7655: result: yes
configure:7681: checking whether the gcc linker (/Library/Developer/CommandLineTools/usr/bin/ld) supports shared libraries
configure:8609: result: yes
configure:8676: checking dynamic linker characteristics
configure:9285: result: darwin22.6.0 dyld
configure:9311: checking how to hardcode library paths into programs
configure:9336: result: immediate
configure:9350: checking whether stripping libraries is possible
configure:9364: result: yes
configure:9870: checking if libtool supports shared libraries
configure:9872: result: yes
configure:9875: checking whether to build shared libraries
configure:9896: result: yes
configure:9899: checking whether to build static libraries
configure:9903: result: no
configure:9997: result:
creating libtool
configure:13774: patching config.h.in
configure:13785: creating ./config.status

## ---------------------- ##
## Running config.status. ##
## ---------------------- ##

This file was extended by config.status, which was
generated by GNU Autoconf 2.71.  Invocation command line was

  CONFIG_FILES    = 
  CONFIG_HEADERS  = 
  CONFIG_LINKS    = 
  CONFIG_COMMANDS = 
  $ ./config.status 

on giovannedev.local

config.status:672: creating config.h

## ---------------- ##
## Cache variables. ##
## ---------------- ##

ac_cv_build=aarch64-apple-darwin22.6.0
ac_cv_c_compiler_gnu=yes
ac_cv_c_undeclared_builtin_options='none needed'
ac_cv_env_CC_set=set
ac_cv_env_CC_value=gcc
ac_cv_env_CFLAGS_set=set
ac_cv_env_CFLAGS_value='-O2 -fvisibility=hidden -Wparentheses -flto -DZEPHIR_RELEASE=1'
ac_cv_env_CPPFLAGS_set=set
ac_cv_env_CPPFLAGS_value=-I/opt/homebrew/opt/openssl@1.1/include
ac_cv_env_CPP_set=
ac_cv_env_CPP_value=
ac_cv_env_LDFLAGS_set=set
ac_cv_env_LDFLAGS_value=-L/opt/homebrew/opt/openssl@1.1/lib
ac_cv_env_LIBS_set=
ac_cv_env_LIBS_value=
ac_cv_env_PKG_CONFIG_LIBDIR_set=
ac_cv_env_PKG_CONFIG_LIBDIR_value=
ac_cv_env_PKG_CONFIG_PATH_set=
ac_cv_env_PKG_CONFIG_PATH_value=
ac_cv_env_PKG_CONFIG_set=
ac_cv_env_PKG_CONFIG_value=
ac_cv_env_build_alias_set=
ac_cv_env_build_alias_value=
ac_cv_env_host_alias_set=
ac_cv_env_host_alias_value=
ac_cv_env_target_alias_set=
ac_cv_env_target_alias_value=
ac_cv_have_decl_HAVE_BUNDLED_PCRE=no
ac_cv_have_decl_HAVE_JSON=yes
ac_cv_header_dlfcn_h=yes
ac_cv_header_ext_json_php_json_h=yes
ac_cv_header_inttypes_h=yes
ac_cv_header_stdint_h=yes
ac_cv_header_stdio_h=yes
ac_cv_header_stdlib_h=yes
ac_cv_header_string_h=yes
ac_cv_header_strings_h=yes
ac_cv_header_sys_stat_h=yes
ac_cv_header_sys_types_h=yes
ac_cv_header_unistd_h=yes
ac_cv_host=aarch64-apple-darwin22.6.0
ac_cv_objext=o
ac_cv_path_EGREP='/usr/bin/grep -E'
ac_cv_path_GREP=/usr/bin/grep
ac_cv_path_SED=/usr/bin/sed
ac_cv_path_ac_pt_PKG_CONFIG=/opt/homebrew/bin/pkg-config
ac_cv_prog_AWK=awk
ac_cv_prog_CPP='gcc -E'
ac_cv_prog_ac_ct_AR=ar
ac_cv_prog_ac_ct_DSYMUTIL=dsymutil
ac_cv_prog_ac_ct_NMEDIT=nmedit
ac_cv_prog_ac_ct_RANLIB=ranlib
ac_cv_prog_ac_ct_STRIP=strip
ac_cv_prog_cc_c11=
ac_cv_prog_cc_g=yes
ac_cv_prog_cc_stdc=
ac_cv_target=aarch64-apple-darwin22.6.0
lt_cv_apple_cc_single_mod=yes
lt_cv_deplibs_check_method=pass_all
lt_cv_file_magic_cmd='$MAGIC_CMD'
lt_cv_file_magic_test_file=
lt_cv_ld_exported_symbols_list=yes
lt_cv_ld_reload_flag=-r
lt_cv_objdir=.libs
lt_cv_path_LD=/Library/Developer/CommandLineTools/usr/bin/ld
lt_cv_path_NM='/usr/bin/nm -B'
lt_cv_path_SED=/usr/bin/sed
lt_cv_prog_compiler_c_o=yes
lt_cv_prog_compiler_pic_works=yes
lt_cv_prog_compiler_rtti_exceptions=yes
lt_cv_prog_compiler_static_works=no
lt_cv_prog_gnu_ld=no
lt_cv_sys_global_symbol_pipe='sed -n -e '\''s/^.*[ 	]\([ABCDGIRSTW][ABCDGIRSTW]*\)[ 	][ 	]*_\([_A-Za-z][_A-Za-z0-9]*\)$/\1 _\2 \2/p'\'''
lt_cv_sys_global_symbol_to_c_name_address='sed -n -e '\''s/^: \([^ ]*\) $/  {\"\1\", (lt_ptr) 0},/p'\'' -e '\''s/^[BCDEGRST] \([^ ]*\) \([^ ]*\)$/  {"\2", (lt_ptr) \&\2},/p'\'''
lt_cv_sys_global_symbol_to_cdecl='sed -n -e '\''s/^. .* \(.*\)$/extern int \1;/p'\'''
lt_cv_sys_lib_dlsearch_path_spec='/usr/local/lib /lib /usr/lib'
lt_cv_sys_lib_search_path_spec='/Library/Developer/CommandLineTools/usr/lib/clang/14.0.3 /usr/local/lib'
lt_cv_sys_max_cmd_len=786432
lt_lt_cv_prog_compiler_c_o='"yes"'
lt_lt_cv_sys_global_symbol_pipe='"sed -n -e '\''s/^.*[ 	]\\([ABCDGIRSTW][ABCDGIRSTW]*\\)[ 	][ 	]*_\\([_A-Za-z][_A-Za-z0-9]*\\)\$/\\1 _\\2 \\2/p'\''"'
lt_lt_cv_sys_global_symbol_to_c_name_address='"sed -n -e '\''s/^: \\([^ ]*\\) \$/  {\\\"\\1\\\", (lt_ptr) 0},/p'\'' -e '\''s/^[BCDEGRST] \\([^ ]*\\) \\([^ ]*\\)\$/  {\"\\2\", (lt_ptr) \\&\\2},/p'\''"'
lt_lt_cv_sys_global_symbol_to_cdecl='"sed -n -e '\''s/^. .* \\(.*\\)\$/extern int \\1;/p'\''"'
php_cv_cc_rpath=yes

## ----------------- ##
## Output variables. ##
## ----------------- ##

AR='ar'
AWK='awk'
BUILD_CC='gcc'
CC='gcc'
CFLAGS='-O2 -fvisibility=hidden -Wparentheses -flto -DZEPHIR_RELEASE=1'
CONFIGURE_COMMAND=' '\''./configure'\''  '\''--enable-codeguard'\'''
CONFIGURE_OPTIONS=' '\''--enable-codeguard'\'''
CPP='gcc -E'
CPPFLAGS='-I/opt/homebrew/opt/openssl@1.1/include -DHAVE_CONFIG_H'
DEFS='-DHAVE_CONFIG_H'
DSYMUTIL='dsymutil'
ECHO='/bin/echo'
ECHO_C='\c'
ECHO_N=''
ECHO_T=''
EGREP='/usr/bin/grep -E'
EXEEXT=''
GREP='/usr/bin/grep'
LDFLAGS='-L/opt/homebrew/opt/openssl@1.1/lib'
LIBOBJS=''
LIBS=''
LIBTOOL='$(SHELL) $(top_builddir)/libtool'
LN_S='ln -s'
LTLIBOBJS=''
NMEDIT='nmedit'
OBJEXT='o'
PACKAGE_BUGREPORT=''
PACKAGE_NAME=''
PACKAGE_STRING=''
PACKAGE_TARNAME=''
PACKAGE_URL=''
PACKAGE_VERSION=''
PATH_SEPARATOR=':'
PKG_CONFIG='/opt/homebrew/bin/pkg-config'
PKG_CONFIG_LIBDIR=''
PKG_CONFIG_PATH=''
RANLIB='ranlib'
SED='/usr/bin/sed'
SHELL='/bin/sh'
SHLIB_DL_SUFFIX_NAME='so'
SHLIB_SUFFIX_NAME='dylib'
STRIP='strip'
ac_ct_CC=''
bindir='${exec_prefix}/bin'
build='aarch64-apple-darwin22.6.0'
build_alias=''
build_cpu='aarch64'
build_os='darwin22.6.0'
build_vendor='apple'
datadir='${datarootdir}'
datarootdir='${prefix}/share'
docdir='${datarootdir}/doc/${PACKAGE}'
dvidir='${docdir}'
exec_prefix='$(prefix)'
host='aarch64-apple-darwin22.6.0'
host_alias='aarch64-apple-darwin22.6.0'
host_cpu='aarch64'
host_os='darwin22.6.0'
host_vendor='apple'
htmldir='${docdir}'
includedir='${prefix}/include'
infodir='${datarootdir}/info'
libdir='${exec_prefix}/lib'
libexecdir='${exec_prefix}/libexec'
localedir='${datarootdir}/locale'
localstatedir='${prefix}/var'
mandir='${datarootdir}/man'
oldincludedir='/usr/include'
pdfdir='${docdir}'
prefix='/opt/homebrew/Cellar/php/8.2.8'
program_transform_name='s,x,x,'
psdir='${docdir}'
runstatedir='${localstatedir}/run'
sbindir='${exec_prefix}/sbin'
sharedstatedir='${prefix}/com'
sysconfdir='${prefix}/etc'
target='aarch64-apple-darwin22.6.0'
target_alias=''
target_cpu='aarch64'
target_os='darwin22.6.0'
target_vendor='apple'

## ----------- ##
## confdefs.h. ##
## ----------- ##

/* confdefs.h */
#define PACKAGE_NAME ""
#define PACKAGE_TARNAME ""
#define PACKAGE_VERSION ""
#define PACKAGE_STRING ""
#define PACKAGE_BUGREPORT ""
#define PACKAGE_URL ""
#define HAVE_CODEGUARD 1
#define COMPILE_DL_CODEGUARD 1
#define HAVE_EXT_JSON_PHP_JSON_H 1
#define ZEPHIR_USE_PHP_JSON 1
#define HAVE_STDIO_H 1
#define HAVE_STDLIB_H 1
#define HAVE_STRING_H 1
#define HAVE_INTTYPES_H 1
#define HAVE_STDINT_H 1
#define HAVE_STRINGS_H 1
#define HAVE_SYS_STAT_H 1
#define HAVE_SYS_TYPES_H 1
#define HAVE_UNISTD_H 1
#define STDC_HEADERS 1
#define HAVE_DLFCN_H 1

configure: exit 0
